mode: set
FinalProject/features/counseling_session/service/service.go:12.117,16.2 1 1
FinalProject/features/counseling_session/service/service.go:18.102,20.16 2 1
FinalProject/features/counseling_session/service/service.go:20.16,22.3 1 1
FinalProject/features/counseling_session/service/service.go:23.2,23.20 1 1
FinalProject/features/counseling_session/service/service.go:26.142,37.16 3 1
FinalProject/features/counseling_session/service/service.go:37.16,39.3 1 1
FinalProject/features/counseling_session/service/service.go:41.2,41.20 1 1
FinalProject/features/counseling_session/service/service.go:44.104,46.16 2 1
FinalProject/features/counseling_session/service/service.go:46.16,48.3 1 1
FinalProject/features/counseling_session/service/service.go:50.2,50.20 1 1
FinalProject/features/counseling_session/service/service.go:53.120,55.16 2 1
FinalProject/features/counseling_session/service/service.go:55.16,57.3 1 1
FinalProject/features/counseling_session/service/service.go:59.2,59.20 1 1
FinalProject/features/counseling_session/service/service.go:61.118,72.16 3 1
FinalProject/features/counseling_session/service/service.go:72.16,74.3 1 1
FinalProject/features/counseling_session/service/service.go:76.2,76.20 1 1
FinalProject/features/counseling_session/service/service.go:79.75,81.16 2 1
FinalProject/features/counseling_session/service/service.go:81.16,83.3 1 1
FinalProject/features/counseling_session/service/service.go:85.2,85.20 1 1
FinalProject/features/counseling_session/service/service.go:88.83,91.16 2 1
FinalProject/features/counseling_session/service/service.go:91.16,93.3 1 1
FinalProject/features/counseling_session/service/service.go:95.2,96.16 2 1
FinalProject/features/counseling_session/service/service.go:96.16,98.3 1 1
FinalProject/features/counseling_session/service/service.go:99.2,99.17 1 1
FinalProject/features/counseling_session/service/service.go:102.122,105.16 2 1
FinalProject/features/counseling_session/service/service.go:105.16,107.3 1 1
FinalProject/features/counseling_session/service/service.go:109.2,110.16 2 1
FinalProject/features/counseling_session/service/service.go:110.16,112.3 1 1
FinalProject/features/counseling_session/service/service.go:113.2,113.17 1 1
