mode: set
FinalProject/features/transaction/service/service.go:19.166,25.2 1 1
FinalProject/features/transaction/service/service.go:27.99,29.16 2 1
FinalProject/features/transaction/service/service.go:29.16,31.3 1 1
FinalProject/features/transaction/service/service.go:32.2,32.20 1 1
FinalProject/features/transaction/service/service.go:35.106,37.16 2 1
FinalProject/features/transaction/service/service.go:37.16,39.3 1 1
FinalProject/features/transaction/service/service.go:40.2,40.20 1 1
FinalProject/features/transaction/service/service.go:43.117,45.16 2 1
FinalProject/features/transaction/service/service.go:45.16,47.3 1 1
FinalProject/features/transaction/service/service.go:48.2,48.20 1 1
FinalProject/features/transaction/service/service.go:51.97,53.16 2 1
FinalProject/features/transaction/service/service.go:53.16,55.3 1 1
FinalProject/features/transaction/service/service.go:56.2,56.20 1 1
FinalProject/features/transaction/service/service.go:59.140,64.16 3 1
FinalProject/features/transaction/service/service.go:64.16,67.3 2 1
FinalProject/features/transaction/service/service.go:69.2,74.16 4 1
FinalProject/features/transaction/service/service.go:74.16,76.3 1 1
FinalProject/features/transaction/service/service.go:77.2,77.30 1 1
FinalProject/features/transaction/service/service.go:80.122,83.16 2 1
FinalProject/features/transaction/service/service.go:83.16,85.3 1 1
FinalProject/features/transaction/service/service.go:86.2,86.20 1 1
FinalProject/features/transaction/service/service.go:89.146,91.16 2 1
FinalProject/features/transaction/service/service.go:91.16,93.3 1 1
FinalProject/features/transaction/service/service.go:95.2,98.16 3 1
FinalProject/features/transaction/service/service.go:98.16,100.3 1 1
FinalProject/features/transaction/service/service.go:102.2,102.20 1 1
FinalProject/features/transaction/service/service.go:105.125,106.30 1 1
FinalProject/features/transaction/service/service.go:106.30,109.17 2 1
FinalProject/features/transaction/service/service.go:109.17,111.4 1 1
FinalProject/features/transaction/service/service.go:112.3,112.21 1 1
FinalProject/features/transaction/service/service.go:114.8,116.17 2 1
FinalProject/features/transaction/service/service.go:116.17,118.4 1 0
FinalProject/features/transaction/service/service.go:119.3,121.17 2 1
FinalProject/features/transaction/service/service.go:121.17,123.4 1 1
FinalProject/features/transaction/service/service.go:124.3,124.21 1 1
FinalProject/features/transaction/service/service.go:129.71,132.16 2 1
FinalProject/features/transaction/service/service.go:132.16,134.3 1 1
FinalProject/features/transaction/service/service.go:136.2,136.20 1 1
FinalProject/features/transaction/service/service.go:139.109,144.16 4 1
FinalProject/features/transaction/service/service.go:144.16,146.3 1 1
FinalProject/features/transaction/service/service.go:147.2,147.23 1 1
FinalProject/features/transaction/service/service.go:150.41,153.2 2 1
