mode: set
FinalProject/features/counseling_methods/service/service.go:12.113,16.2 1 1
FinalProject/features/counseling_methods/service/service.go:18.95,21.16 2 1
FinalProject/features/counseling_methods/service/service.go:21.16,23.3 1 1
FinalProject/features/counseling_methods/service/service.go:25.2,25.17 1 1
FinalProject/features/counseling_methods/service/service.go:28.102,31.16 2 1
FinalProject/features/counseling_methods/service/service.go:31.16,33.3 1 1
FinalProject/features/counseling_methods/service/service.go:35.2,35.17 1 1
