mode: set
FinalProject/features/patients/service/service.go:18.183,25.2 1 1
FinalProject/features/patients/service/service.go:27.96,29.16 2 1
FinalProject/features/patients/service/service.go:29.16,31.3 1 1
FinalProject/features/patients/service/service.go:32.2,32.20 1 1
FinalProject/features/patients/service/service.go:35.80,37.16 2 1
FinalProject/features/patients/service/service.go:37.16,39.3 1 1
FinalProject/features/patients/service/service.go:40.2,40.20 1 1
FinalProject/features/patients/service/service.go:43.108,45.16 2 1
FinalProject/features/patients/service/service.go:45.16,47.3 1 1
FinalProject/features/patients/service/service.go:49.2,51.16 3 1
FinalProject/features/patients/service/service.go:51.16,53.3 1 1
FinalProject/features/patients/service/service.go:54.2,54.20 1 1
FinalProject/features/patients/service/service.go:57.87,59.16 2 1
FinalProject/features/patients/service/service.go:59.16,61.3 1 1
FinalProject/features/patients/service/service.go:62.2,62.23 1 1
FinalProject/features/patients/service/service.go:65.97,67.16 2 1
FinalProject/features/patients/service/service.go:67.16,69.3 1 1
FinalProject/features/patients/service/service.go:70.2,70.20 1 1
FinalProject/features/patients/service/service.go:73.103,75.16 2 1
FinalProject/features/patients/service/service.go:75.16,77.3 1 1
FinalProject/features/patients/service/service.go:79.2,81.22 2 1
FinalProject/features/patients/service/service.go:81.22,83.3 1 1
FinalProject/features/patients/service/service.go:85.2,90.22 5 1
FinalProject/features/patients/service/service.go:93.99,95.16 2 1
FinalProject/features/patients/service/service.go:95.16,97.3 1 1
FinalProject/features/patients/service/service.go:99.2,101.16 3 1
FinalProject/features/patients/service/service.go:101.16,103.3 1 1
FinalProject/features/patients/service/service.go:104.2,104.20 1 1
FinalProject/features/patients/service/service.go:107.83,110.16 2 1
FinalProject/features/patients/service/service.go:110.16,112.3 1 1
FinalProject/features/patients/service/service.go:114.2,114.17 1 1
FinalProject/features/patients/service/service.go:117.95,119.16 2 1
FinalProject/features/patients/service/service.go:119.16,121.3 1 1
FinalProject/features/patients/service/service.go:122.2,122.20 1 1
FinalProject/features/patients/service/service.go:125.58,128.16 2 1
FinalProject/features/patients/service/service.go:128.16,130.3 1 1
FinalProject/features/patients/service/service.go:132.2,132.20 1 1
