mode: set
FinalProject/features/doctor/service/service.go:21.150,27.2 1 1
FinalProject/features/doctor/service/service.go:29.80,31.16 2 1
FinalProject/features/doctor/service/service.go:31.16,33.3 1 1
FinalProject/features/doctor/service/service.go:34.2,34.20 1 1
FinalProject/features/doctor/service/service.go:37.73,39.16 2 1
FinalProject/features/doctor/service/service.go:39.16,41.3 1 1
FinalProject/features/doctor/service/service.go:42.2,42.20 1 1
FinalProject/features/doctor/service/service.go:45.85,47.16 2 1
FinalProject/features/doctor/service/service.go:47.16,49.3 1 1
FinalProject/features/doctor/service/service.go:50.2,50.20 1 1
FinalProject/features/doctor/service/service.go:53.88,55.16 2 1
FinalProject/features/doctor/service/service.go:55.16,57.3 1 1
FinalProject/features/doctor/service/service.go:58.2,58.20 1 1
FinalProject/features/doctor/service/service.go:61.89,63.16 2 1
FinalProject/features/doctor/service/service.go:63.16,65.3 1 1
FinalProject/features/doctor/service/service.go:66.2,66.20 1 1
FinalProject/features/doctor/service/service.go:69.91,71.16 2 1
FinalProject/features/doctor/service/service.go:71.16,73.3 1 1
FinalProject/features/doctor/service/service.go:74.2,74.20 1 1
FinalProject/features/doctor/service/service.go:77.88,79.16 2 1
FinalProject/features/doctor/service/service.go:79.16,81.3 1 1
FinalProject/features/doctor/service/service.go:83.2,84.16 2 1
FinalProject/features/doctor/service/service.go:84.16,86.3 1 1
FinalProject/features/doctor/service/service.go:88.2,100.16 10 1
FinalProject/features/doctor/service/service.go:100.16,102.3 1 1
FinalProject/features/doctor/service/service.go:103.2,103.20 1 1
FinalProject/features/doctor/service/service.go:106.131,108.16 2 1
FinalProject/features/doctor/service/service.go:108.16,110.3 1 1
FinalProject/features/doctor/service/service.go:111.2,111.29 1 1
FinalProject/features/doctor/service/service.go:114.113,116.16 2 1
FinalProject/features/doctor/service/service.go:116.16,118.3 1 1
FinalProject/features/doctor/service/service.go:119.2,119.29 1 1
FinalProject/features/doctor/service/service.go:122.115,124.16 2 1
FinalProject/features/doctor/service/service.go:124.16,126.3 1 1
FinalProject/features/doctor/service/service.go:127.2,127.29 1 1
FinalProject/features/doctor/service/service.go:130.118,132.16 2 1
FinalProject/features/doctor/service/service.go:132.16,134.3 1 1
FinalProject/features/doctor/service/service.go:135.2,135.30 1 1
FinalProject/features/doctor/service/service.go:138.97,140.16 2 1
FinalProject/features/doctor/service/service.go:140.16,142.3 1 1
FinalProject/features/doctor/service/service.go:143.2,143.23 1 1
FinalProject/features/doctor/service/service.go:146.99,148.16 2 1
FinalProject/features/doctor/service/service.go:148.16,150.3 1 1
FinalProject/features/doctor/service/service.go:151.2,151.23 1 1
FinalProject/features/doctor/service/service.go:154.101,156.16 2 1
FinalProject/features/doctor/service/service.go:156.16,158.3 1 1
FinalProject/features/doctor/service/service.go:159.2,159.23 1 1
FinalProject/features/doctor/service/service.go:162.93,164.16 2 1
FinalProject/features/doctor/service/service.go:164.16,166.3 1 1
FinalProject/features/doctor/service/service.go:167.2,167.23 1 1
FinalProject/features/doctor/service/service.go:170.101,172.16 2 1
FinalProject/features/doctor/service/service.go:172.16,174.3 1 1
FinalProject/features/doctor/service/service.go:175.2,175.23 1 1
FinalProject/features/doctor/service/service.go:178.58,202.51 3 0
FinalProject/features/doctor/service/service.go:202.51,204.3 1 0
FinalProject/features/doctor/service/service.go:206.2,206.40 1 0
FinalProject/features/doctor/service/service.go:206.40,207.38 1 0
FinalProject/features/doctor/service/service.go:207.38,209.4 1 0
FinalProject/features/doctor/service/service.go:211.2,211.53 1 0
FinalProject/features/doctor/service/service.go:214.110,216.16 2 1
FinalProject/features/doctor/service/service.go:216.16,218.3 1 1
FinalProject/features/doctor/service/service.go:219.2,219.20 1 1
FinalProject/features/doctor/service/service.go:222.118,224.16 2 1
FinalProject/features/doctor/service/service.go:224.16,226.3 1 1
FinalProject/features/doctor/service/service.go:227.2,227.20 1 1
FinalProject/features/doctor/service/service.go:230.120,232.16 2 1
FinalProject/features/doctor/service/service.go:232.16,234.3 1 1
FinalProject/features/doctor/service/service.go:235.2,235.20 1 1
FinalProject/features/doctor/service/service.go:238.116,240.16 2 1
FinalProject/features/doctor/service/service.go:240.16,242.3 1 1
FinalProject/features/doctor/service/service.go:243.2,243.20 1 1
FinalProject/features/doctor/service/service.go:246.113,248.16 2 1
FinalProject/features/doctor/service/service.go:248.16,250.3 1 1
FinalProject/features/doctor/service/service.go:251.2,251.20 1 1
FinalProject/features/doctor/service/service.go:254.69,256.16 2 1
FinalProject/features/doctor/service/service.go:256.16,258.3 1 1
FinalProject/features/doctor/service/service.go:259.2,259.20 1 1
FinalProject/features/doctor/service/service.go:262.78,264.16 2 1
FinalProject/features/doctor/service/service.go:264.16,266.3 1 1
FinalProject/features/doctor/service/service.go:267.2,267.20 1 1
FinalProject/features/doctor/service/service.go:270.79,272.16 2 1
FinalProject/features/doctor/service/service.go:272.16,274.3 1 1
FinalProject/features/doctor/service/service.go:275.2,275.20 1 1
FinalProject/features/doctor/service/service.go:278.77,280.16 2 1
FinalProject/features/doctor/service/service.go:280.16,282.3 1 1
FinalProject/features/doctor/service/service.go:283.2,283.20 1 1
FinalProject/features/doctor/service/service.go:286.75,288.16 2 1
FinalProject/features/doctor/service/service.go:288.16,290.3 1 1
FinalProject/features/doctor/service/service.go:291.2,291.20 1 1
