mode: set
FinalProject/features/doctor/service/service.go:18.150,24.2 1 1
FinalProject/features/doctor/service/service.go:26.80,28.16 2 1
FinalProject/features/doctor/service/service.go:28.16,30.3 1 1
FinalProject/features/doctor/service/service.go:31.2,31.20 1 1
FinalProject/features/doctor/service/service.go:34.73,36.16 2 1
FinalProject/features/doctor/service/service.go:36.16,38.3 1 1
FinalProject/features/doctor/service/service.go:39.2,39.20 1 1
FinalProject/features/doctor/service/service.go:42.85,44.16 2 1
FinalProject/features/doctor/service/service.go:44.16,46.3 1 1
FinalProject/features/doctor/service/service.go:47.2,47.20 1 1
FinalProject/features/doctor/service/service.go:50.88,52.16 2 1
FinalProject/features/doctor/service/service.go:52.16,54.3 1 1
FinalProject/features/doctor/service/service.go:55.2,55.20 1 1
FinalProject/features/doctor/service/service.go:58.89,60.16 2 1
FinalProject/features/doctor/service/service.go:60.16,62.3 1 1
FinalProject/features/doctor/service/service.go:63.2,63.20 1 1
FinalProject/features/doctor/service/service.go:66.91,68.16 2 1
FinalProject/features/doctor/service/service.go:68.16,70.3 1 1
FinalProject/features/doctor/service/service.go:71.2,71.20 1 1
FinalProject/features/doctor/service/service.go:74.88,76.16 2 1
FinalProject/features/doctor/service/service.go:76.16,78.3 1 1
FinalProject/features/doctor/service/service.go:80.2,81.16 2 1
FinalProject/features/doctor/service/service.go:81.16,83.3 1 1
FinalProject/features/doctor/service/service.go:85.2,97.16 10 1
FinalProject/features/doctor/service/service.go:97.16,99.3 1 1
FinalProject/features/doctor/service/service.go:100.2,100.20 1 1
FinalProject/features/doctor/service/service.go:103.131,105.16 2 1
FinalProject/features/doctor/service/service.go:105.16,107.3 1 1
FinalProject/features/doctor/service/service.go:108.2,108.29 1 1
FinalProject/features/doctor/service/service.go:111.113,113.16 2 1
FinalProject/features/doctor/service/service.go:113.16,115.3 1 1
FinalProject/features/doctor/service/service.go:116.2,116.29 1 1
FinalProject/features/doctor/service/service.go:119.115,121.16 2 1
FinalProject/features/doctor/service/service.go:121.16,123.3 1 1
FinalProject/features/doctor/service/service.go:124.2,124.29 1 1
FinalProject/features/doctor/service/service.go:127.118,129.16 2 1
FinalProject/features/doctor/service/service.go:129.16,131.3 1 1
FinalProject/features/doctor/service/service.go:132.2,132.30 1 1
FinalProject/features/doctor/service/service.go:135.97,137.16 2 1
FinalProject/features/doctor/service/service.go:137.16,139.3 1 1
FinalProject/features/doctor/service/service.go:140.2,140.23 1 1
FinalProject/features/doctor/service/service.go:143.99,145.16 2 1
FinalProject/features/doctor/service/service.go:145.16,147.3 1 1
FinalProject/features/doctor/service/service.go:148.2,148.23 1 1
FinalProject/features/doctor/service/service.go:151.101,153.16 2 1
FinalProject/features/doctor/service/service.go:153.16,155.3 1 1
FinalProject/features/doctor/service/service.go:156.2,156.23 1 1
FinalProject/features/doctor/service/service.go:159.93,161.16 2 1
FinalProject/features/doctor/service/service.go:161.16,163.3 1 1
FinalProject/features/doctor/service/service.go:164.2,164.23 1 1
FinalProject/features/doctor/service/service.go:167.101,169.16 2 1
FinalProject/features/doctor/service/service.go:169.16,171.3 1 1
FinalProject/features/doctor/service/service.go:172.2,172.23 1 1
FinalProject/features/doctor/service/service.go:175.110,177.16 2 1
FinalProject/features/doctor/service/service.go:177.16,179.3 1 1
FinalProject/features/doctor/service/service.go:180.2,180.20 1 1
FinalProject/features/doctor/service/service.go:183.118,185.16 2 1
FinalProject/features/doctor/service/service.go:185.16,187.3 1 1
FinalProject/features/doctor/service/service.go:188.2,188.20 1 1
FinalProject/features/doctor/service/service.go:191.120,193.16 2 1
FinalProject/features/doctor/service/service.go:193.16,195.3 1 1
FinalProject/features/doctor/service/service.go:196.2,196.20 1 1
FinalProject/features/doctor/service/service.go:199.116,201.16 2 1
FinalProject/features/doctor/service/service.go:201.16,203.3 1 1
FinalProject/features/doctor/service/service.go:204.2,204.20 1 1
FinalProject/features/doctor/service/service.go:207.113,209.16 2 1
FinalProject/features/doctor/service/service.go:209.16,211.3 1 1
FinalProject/features/doctor/service/service.go:212.2,212.20 1 1
FinalProject/features/doctor/service/service.go:215.69,217.16 2 1
FinalProject/features/doctor/service/service.go:217.16,219.3 1 1
FinalProject/features/doctor/service/service.go:220.2,220.20 1 1
FinalProject/features/doctor/service/service.go:223.78,225.16 2 1
FinalProject/features/doctor/service/service.go:225.16,227.3 1 1
FinalProject/features/doctor/service/service.go:228.2,228.20 1 1
FinalProject/features/doctor/service/service.go:231.79,233.16 2 1
FinalProject/features/doctor/service/service.go:233.16,235.3 1 1
FinalProject/features/doctor/service/service.go:236.2,236.20 1 1
FinalProject/features/doctor/service/service.go:239.77,241.16 2 1
FinalProject/features/doctor/service/service.go:241.16,243.3 1 1
FinalProject/features/doctor/service/service.go:244.2,244.20 1 1
FinalProject/features/doctor/service/service.go:247.75,249.16 2 1
FinalProject/features/doctor/service/service.go:249.16,251.3 1 1
FinalProject/features/doctor/service/service.go:252.2,252.20 1 1
