mode: set
FinalProject/features/counseling_durations/service/service.go:12.121,16.2 1 1
FinalProject/features/counseling_durations/service/service.go:18.101,21.16 2 1
FinalProject/features/counseling_durations/service/service.go:21.16,23.3 1 1
FinalProject/features/counseling_durations/service/service.go:25.2,25.17 1 1
FinalProject/features/counseling_durations/service/service.go:27.108,30.16 2 1
FinalProject/features/counseling_durations/service/service.go:30.16,32.3 1 1
FinalProject/features/counseling_durations/service/service.go:34.2,34.17 1 1
