mode: set
FinalProject/features/bundle_counseling/service/service.go:14.149,19.2 1 1
FinalProject/features/bundle_counseling/service/service.go:21.99,23.16 2 1
FinalProject/features/bundle_counseling/service/service.go:23.16,25.3 1 1
FinalProject/features/bundle_counseling/service/service.go:26.2,26.20 1 1
FinalProject/features/bundle_counseling/service/service.go:29.141,33.23 2 1
FinalProject/features/bundle_counseling/service/service.go:33.23,36.3 2 1
FinalProject/features/bundle_counseling/service/service.go:38.2,39.16 2 1
FinalProject/features/bundle_counseling/service/service.go:39.16,41.3 1 1
FinalProject/features/bundle_counseling/service/service.go:43.2,44.16 2 1
FinalProject/features/bundle_counseling/service/service.go:44.16,46.3 1 1
FinalProject/features/bundle_counseling/service/service.go:48.2,49.16 2 1
FinalProject/features/bundle_counseling/service/service.go:49.16,51.3 1 1
FinalProject/features/bundle_counseling/service/service.go:53.2,53.33 1 1
FinalProject/features/bundle_counseling/service/service.go:53.33,64.3 1 0
FinalProject/features/bundle_counseling/service/service.go:66.2,66.34 1 1
FinalProject/features/bundle_counseling/service/service.go:69.177,72.16 2 1
FinalProject/features/bundle_counseling/service/service.go:72.16,74.3 1 1
FinalProject/features/bundle_counseling/service/service.go:76.2,87.16 3 1
FinalProject/features/bundle_counseling/service/service.go:87.16,89.3 1 1
FinalProject/features/bundle_counseling/service/service.go:91.2,91.20 1 1
FinalProject/features/bundle_counseling/service/service.go:94.97,96.16 2 1
FinalProject/features/bundle_counseling/service/service.go:96.16,98.3 1 1
FinalProject/features/bundle_counseling/service/service.go:100.2,100.20 1 1
FinalProject/features/bundle_counseling/service/service.go:103.155,114.24 2 1
FinalProject/features/bundle_counseling/service/service.go:114.24,116.17 2 0
FinalProject/features/bundle_counseling/service/service.go:116.17,118.4 1 0
FinalProject/features/bundle_counseling/service/service.go:120.3,120.29 1 0
FinalProject/features/bundle_counseling/service/service.go:123.2,124.16 2 1
FinalProject/features/bundle_counseling/service/service.go:124.16,126.3 1 1
FinalProject/features/bundle_counseling/service/service.go:128.2,128.20 1 1
FinalProject/features/bundle_counseling/service/service.go:131.70,133.16 2 1
FinalProject/features/bundle_counseling/service/service.go:133.16,135.3 1 1
FinalProject/features/bundle_counseling/service/service.go:137.2,137.20 1 1
