mode: set
FinalProject/features/bundle_counseling/service/service.go:14.149,19.2 1 1
FinalProject/features/bundle_counseling/service/service.go:21.99,23.16 2 1
FinalProject/features/bundle_counseling/service/service.go:23.16,25.3 1 1
FinalProject/features/bundle_counseling/service/service.go:26.2,26.20 1 1
FinalProject/features/bundle_counseling/service/service.go:29.177,32.16 2 1
FinalProject/features/bundle_counseling/service/service.go:32.16,34.3 1 1
FinalProject/features/bundle_counseling/service/service.go:36.2,47.16 3 1
FinalProject/features/bundle_counseling/service/service.go:47.16,49.3 1 1
FinalProject/features/bundle_counseling/service/service.go:51.2,51.20 1 1
FinalProject/features/bundle_counseling/service/service.go:54.97,56.16 2 1
FinalProject/features/bundle_counseling/service/service.go:56.16,58.3 1 1
FinalProject/features/bundle_counseling/service/service.go:60.2,60.20 1 1
FinalProject/features/bundle_counseling/service/service.go:63.155,74.24 2 1
FinalProject/features/bundle_counseling/service/service.go:74.24,76.17 2 0
FinalProject/features/bundle_counseling/service/service.go:76.17,78.4 1 0
FinalProject/features/bundle_counseling/service/service.go:80.3,80.29 1 0
FinalProject/features/bundle_counseling/service/service.go:83.2,84.16 2 1
FinalProject/features/bundle_counseling/service/service.go:84.16,86.3 1 1
FinalProject/features/bundle_counseling/service/service.go:88.2,88.20 1 1
FinalProject/features/bundle_counseling/service/service.go:91.70,93.16 2 1
FinalProject/features/bundle_counseling/service/service.go:93.16,95.3 1 1
FinalProject/features/bundle_counseling/service/service.go:97.2,97.20 1 1
