mode: set
FinalProject/features/chatbot/service/service.go:14.108,19.2 1 1
FinalProject/features/chatbot/service/service.go:21.80,23.16 2 1
FinalProject/features/chatbot/service/service.go:23.16,25.3 1 1
FinalProject/features/chatbot/service/service.go:26.2,26.18 1 1
FinalProject/features/chatbot/service/service.go:29.88,32.16 2 1
FinalProject/features/chatbot/service/service.go:32.16,34.3 1 1
FinalProject/features/chatbot/service/service.go:36.2,39.16 3 1
FinalProject/features/chatbot/service/service.go:39.16,41.3 1 1
FinalProject/features/chatbot/service/service.go:42.2,42.18 1 1
