mode: set
FinalProject/features/article_categories/service/service.go:14.138,19.2 1 1
FinalProject/features/article_categories/service/service.go:21.104,24.16 2 1
FinalProject/features/article_categories/service/service.go:24.16,26.3 1 1
FinalProject/features/article_categories/service/service.go:28.2,28.20 1 1
FinalProject/features/article_categories/service/service.go:31.145,38.16 4 1
FinalProject/features/article_categories/service/service.go:38.16,40.3 1 1
FinalProject/features/article_categories/service/service.go:42.2,42.20 1 1
FinalProject/features/article_categories/service/service.go:45.108,48.16 2 1
FinalProject/features/article_categories/service/service.go:48.16,50.3 1 1
FinalProject/features/article_categories/service/service.go:52.2,52.20 1 1
FinalProject/features/article_categories/service/service.go:55.129,58.16 2 1
FinalProject/features/article_categories/service/service.go:58.16,60.3 1 1
FinalProject/features/article_categories/service/service.go:62.2,62.20 1 1
FinalProject/features/article_categories/service/service.go:65.80,68.16 2 1
FinalProject/features/article_categories/service/service.go:68.16,70.3 1 1
FinalProject/features/article_categories/service/service.go:72.2,72.20 1 1
