mode: set
FinalProject/features/withdraw/service/service.go:12.81,16.2 1 1
FinalProject/features/withdraw/service/service.go:18.77,20.16 2 1
FinalProject/features/withdraw/service/service.go:20.16,22.3 1 1
FinalProject/features/withdraw/service/service.go:24.2,24.20 1 1
FinalProject/features/withdraw/service/service.go:27.67,29.2 1 1
FinalProject/features/withdraw/service/service.go:31.97,33.16 2 1
FinalProject/features/withdraw/service/service.go:33.16,35.3 1 1
FinalProject/features/withdraw/service/service.go:37.2,38.16 2 1
FinalProject/features/withdraw/service/service.go:38.16,40.3 1 1
FinalProject/features/withdraw/service/service.go:42.2,42.13 1 1
FinalProject/features/withdraw/service/service.go:42.13,44.3 1 1
FinalProject/features/withdraw/service/service.go:46.2,46.20 1 1
FinalProject/features/withdraw/service/service.go:49.75,51.16 2 1
FinalProject/features/withdraw/service/service.go:51.16,53.3 1 1
FinalProject/features/withdraw/service/service.go:55.2,55.20 1 1
FinalProject/features/withdraw/service/service.go:58.89,60.16 2 1
FinalProject/features/withdraw/service/service.go:60.16,62.3 1 1
FinalProject/features/withdraw/service/service.go:64.2,64.21 1 1
FinalProject/features/withdraw/service/service.go:64.21,66.3 1 1
FinalProject/features/withdraw/service/service.go:68.2,69.16 2 1
FinalProject/features/withdraw/service/service.go:69.16,71.3 1 1
FinalProject/features/withdraw/service/service.go:73.2,73.20 1 1
