mode: set
FinalProject/features/withdraw/service/service.go:12.81,16.2 1 1
FinalProject/features/withdraw/service/service.go:18.77,20.16 2 1
FinalProject/features/withdraw/service/service.go:20.16,22.3 1 1
FinalProject/features/withdraw/service/service.go:24.2,24.20 1 1
FinalProject/features/withdraw/service/service.go:27.90,29.16 2 1
FinalProject/features/withdraw/service/service.go:29.16,31.3 1 1
FinalProject/features/withdraw/service/service.go:33.2,33.20 1 1
FinalProject/features/withdraw/service/service.go:36.67,38.2 1 1
FinalProject/features/withdraw/service/service.go:40.64,42.2 1 1
FinalProject/features/withdraw/service/service.go:44.97,46.16 2 1
FinalProject/features/withdraw/service/service.go:46.16,48.3 1 1
FinalProject/features/withdraw/service/service.go:50.2,51.16 2 1
FinalProject/features/withdraw/service/service.go:51.16,53.3 1 1
FinalProject/features/withdraw/service/service.go:55.2,55.13 1 1
FinalProject/features/withdraw/service/service.go:55.13,57.3 1 1
FinalProject/features/withdraw/service/service.go:59.2,59.20 1 1
FinalProject/features/withdraw/service/service.go:62.75,64.16 2 1
FinalProject/features/withdraw/service/service.go:64.16,66.3 1 1
FinalProject/features/withdraw/service/service.go:68.2,68.20 1 1
FinalProject/features/withdraw/service/service.go:71.89,73.16 2 1
FinalProject/features/withdraw/service/service.go:73.16,75.3 1 1
FinalProject/features/withdraw/service/service.go:77.2,77.21 1 1
FinalProject/features/withdraw/service/service.go:77.21,79.3 1 1
FinalProject/features/withdraw/service/service.go:81.2,82.16 2 1
FinalProject/features/withdraw/service/service.go:82.16,84.3 1 1
FinalProject/features/withdraw/service/service.go:86.2,86.20 1 1
