mode: set
FinalProject/features/articles/service/service.go:16.140,22.2 1 1
FinalProject/features/articles/service/service.go:24.122,26.16 2 1
FinalProject/features/articles/service/service.go:26.16,28.3 1 1
FinalProject/features/articles/service/service.go:29.2,29.20 1 1
FinalProject/features/articles/service/service.go:32.78,34.16 2 1
FinalProject/features/articles/service/service.go:34.16,36.3 1 1
FinalProject/features/articles/service/service.go:37.2,37.20 1 1
FinalProject/features/articles/service/service.go:40.94,47.16 6 1
FinalProject/features/articles/service/service.go:47.16,49.3 1 1
FinalProject/features/articles/service/service.go:50.2,50.20 1 1
FinalProject/features/articles/service/service.go:53.95,61.16 6 1
FinalProject/features/articles/service/service.go:61.16,63.3 1 1
FinalProject/features/articles/service/service.go:65.2,65.20 1 1
FinalProject/features/articles/service/service.go:68.61,71.16 2 1
FinalProject/features/articles/service/service.go:71.16,73.3 1 1
FinalProject/features/articles/service/service.go:75.2,75.20 1 1
FinalProject/features/articles/service/service.go:78.64,81.16 2 1
FinalProject/features/articles/service/service.go:81.16,83.3 1 1
FinalProject/features/articles/service/service.go:85.2,85.20 1 1
FinalProject/features/articles/service/service.go:88.81,91.16 2 1
FinalProject/features/articles/service/service.go:91.16,93.3 1 1
FinalProject/features/articles/service/service.go:95.2,95.17 1 1
FinalProject/features/articles/service/service.go:98.86,100.16 2 1
FinalProject/features/articles/service/service.go:100.16,102.3 1 1
FinalProject/features/articles/service/service.go:103.2,103.20 1 1
