mode: set
FinalProject/features/users/service/service.go:20.149,27.2 1 1
FinalProject/features/users/service/service.go:29.74,31.16 2 1
FinalProject/features/users/service/service.go:31.16,33.3 1 1
FinalProject/features/users/service/service.go:35.2,36.16 2 1
FinalProject/features/users/service/service.go:36.16,38.3 1 1
FinalProject/features/users/service/service.go:40.2,45.16 4 1
FinalProject/features/users/service/service.go:45.16,47.3 1 1
FinalProject/features/users/service/service.go:48.2,48.20 1 1
FinalProject/features/users/service/service.go:51.85,53.16 2 1
FinalProject/features/users/service/service.go:53.16,54.58 1 1
FinalProject/features/users/service/service.go:54.58,56.4 1 1
FinalProject/features/users/service/service.go:57.3,57.43 1 1
FinalProject/features/users/service/service.go:60.2,62.22 2 1
FinalProject/features/users/service/service.go:62.22,64.3 1 1
FinalProject/features/users/service/service.go:66.2,71.22 5 1
FinalProject/features/users/service/service.go:74.81,76.16 2 1
FinalProject/features/users/service/service.go:76.16,78.3 1 1
FinalProject/features/users/service/service.go:80.2,82.22 2 1
FinalProject/features/users/service/service.go:82.22,84.3 1 1
FinalProject/features/users/service/service.go:86.2,91.22 5 1
FinalProject/features/users/service/service.go:94.84,96.16 2 1
FinalProject/features/users/service/service.go:96.16,98.3 1 1
FinalProject/features/users/service/service.go:100.2,100.41 1 1
FinalProject/features/users/service/service.go:100.41,102.3 1 1
FinalProject/features/users/service/service.go:104.2,104.20 1 1
FinalProject/features/users/service/service.go:107.62,110.16 2 1
FinalProject/features/users/service/service.go:110.16,111.49 1 1
FinalProject/features/users/service/service.go:111.49,113.4 1 1
FinalProject/features/users/service/service.go:114.3,114.38 1 1
FinalProject/features/users/service/service.go:117.2,121.53 3 1
FinalProject/features/users/service/service.go:121.53,123.3 1 1
FinalProject/features/users/service/service.go:125.2,127.16 2 1
FinalProject/features/users/service/service.go:127.16,129.3 1 1
FinalProject/features/users/service/service.go:131.2,131.12 1 1
FinalProject/features/users/service/service.go:134.74,136.16 2 1
FinalProject/features/users/service/service.go:136.16,138.3 1 1
FinalProject/features/users/service/service.go:139.2,141.66 2 1
FinalProject/features/users/service/service.go:141.66,143.3 1 1
FinalProject/features/users/service/service.go:145.2,145.12 1 1
